Testsuite: testingpractice.GradesControllerSpec
Tests run: 7, Failures: 1, Errors: 5, Time elapsed: 7,708 sec
------------- Standard Output ---------------
--Output from testing periods size--
--Output from testing periods name--
--Output from getPeriods accepts null values--
--Output from get subjects size--
--Output from get subjects PAPA--
--Output from get subjects PA--
--Output from get progress--
------------- ---------------- ---------------
------------- Standard Error -----------------
--Output from testing periods size--
--Output from testing periods name--
--Output from getPeriods accepts null values--
--Output from get subjects size--
--Output from get subjects PAPA--
--Output from get subjects PA--
--Output from get progress--
------------- ---------------- ---------------

Testcase: testing periods size took 6,604 sec
	Caused an ERROR
null
java.lang.NullPointerException
	at java.lang.String.indexOf(String.java:1718)
	at java.lang.String.indexOf(String.java:1698)
	at testingpractice.GradesController$_closure6.doCall(GradesController.groovy:202)
	at testingpractice.GradesControllerSpec.testing periods size(GradesControllerSpec.groovy:40)

Testcase: testing periods name took 0,045 sec
	FAILED
Condition not satisfied:

periodNames[7].toString().trim().equals("2015-II")
|          |   |          |      |
[]         |   null       null   false
           null

junit.framework.AssertionFailedError: Condition not satisfied:

periodNames[7].toString().trim().equals("2015-II")
|          |   |          |      |
[]         |   null       null   false
           null

	at testingpractice.GradesControllerSpec.testing periods name(GradesControllerSpec.groovy:50)

Testcase: getPeriods accepts null values took 0,185 sec
Testcase: get subjects size took 0,143 sec
	Caused an ERROR
null
java.lang.NullPointerException
	at java.lang.String.indexOf(String.java:1718)
	at java.lang.String.indexOf(String.java:1698)
	at testingpractice.GradesController$_closure6.doCall(GradesController.groovy:202)
	at testingpractice.GradesControllerSpec.get subjects size(GradesControllerSpec.groovy:62)

Testcase: get subjects PAPA took 0,126 sec
	Caused an ERROR
null
java.lang.NullPointerException
	at java.lang.String.indexOf(String.java:1718)
	at java.lang.String.indexOf(String.java:1698)
	at testingpractice.GradesController$_closure6.doCall(GradesController.groovy:202)
	at testingpractice.GradesControllerSpec.get subjects PAPA(GradesControllerSpec.groovy:72)

	Caused an ERROR
null
java.lang.NullPointerException

	Caused an ERROR
null
java.lang.NullPointerException

	Caused an ERROR
null
java.lang.NullPointerException

Testcase: get subjects PA took 0,024 sec
	Caused an ERROR
null
java.lang.NullPointerException

	Caused an ERROR
null
java.lang.NullPointerException

	Caused an ERROR
null
java.lang.NullPointerException

	Caused an ERROR
null
java.lang.NullPointerException

Testcase: get progress took 0,037 sec
	Caused an ERROR
1
java.lang.ArrayIndexOutOfBoundsException: 1
	at testingpractice.GradesController.closure2$_closure14(GradesController.groovy:99)
	at testingpractice.GradesController$_closure2.doCall(GradesController.groovy:98)
	at testingpractice.GradesControllerSpec.get progress(GradesControllerSpec.groovy:101)

	Caused an ERROR
1
java.lang.ArrayIndexOutOfBoundsException: 1
	at testingpractice.GradesController.closure2$_closure14(GradesController.groovy:99)
	at testingpractice.GradesController$_closure2.doCall(GradesController.groovy:98)
	at testingpractice.GradesControllerSpec.get progress(GradesControllerSpec.groovy:101)

	Caused an ERROR
1
java.lang.ArrayIndexOutOfBoundsException: 1
	at testingpractice.GradesController.closure2$_closure14(GradesController.groovy:99)
	at testingpractice.GradesController$_closure2.doCall(GradesController.groovy:98)
	at testingpractice.GradesControllerSpec.get progress(GradesControllerSpec.groovy:101)

	Caused an ERROR
1
java.lang.ArrayIndexOutOfBoundsException: 1
	at testingpractice.GradesController.closure2$_closure14(GradesController.groovy:99)
	at testingpractice.GradesController$_closure2.doCall(GradesController.groovy:98)
	at testingpractice.GradesControllerSpec.get progress(GradesControllerSpec.groovy:101)

	Caused an ERROR
1
java.lang.ArrayIndexOutOfBoundsException: 1
	at testingpractice.GradesController.closure2$_closure14(GradesController.groovy:99)
	at testingpractice.GradesController$_closure2.doCall(GradesController.groovy:98)
	at testingpractice.GradesControllerSpec.get progress(GradesControllerSpec.groovy:101)

	Caused an ERROR
1
java.lang.ArrayIndexOutOfBoundsException: 1
	at testingpractice.GradesController.closure2$_closure14(GradesController.groovy:99)
	at testingpractice.GradesController$_closure2.doCall(GradesController.groovy:98)
	at testingpractice.GradesControllerSpec.get progress(GradesControllerSpec.groovy:101)

	Caused an ERROR
1
java.lang.ArrayIndexOutOfBoundsException: 1
	at testingpractice.GradesController.closure2$_closure14(GradesController.groovy:99)
	at testingpractice.GradesController$_closure2.doCall(GradesController.groovy:98)
	at testingpractice.GradesControllerSpec.get progress(GradesControllerSpec.groovy:101)

	Caused an ERROR
1
java.lang.ArrayIndexOutOfBoundsException: 1
	at testingpractice.GradesController.closure2$_closure14(GradesController.groovy:99)
	at testingpractice.GradesController$_closure2.doCall(GradesController.groovy:98)
	at testingpractice.GradesControllerSpec.get progress(GradesControllerSpec.groovy:101)

